<?xml version="1.0" encoding="UTF-8"?>
<testsuite xmlns:xsi="http://www.w3.org/2001/XMLSchema-instance" xsi:noNamespaceSchemaLocation="https://maven.apache.org/surefire/maven-surefire-plugin/xsd/surefire-test-report-3.0.xsd" version="3.0" name="runner.TestRunner" time="16.079" tests="1" errors="1" skipped="0" failures="0">
  <properties>
[...]
</properties>
  <testcase name="Select Options From Various DropDown" classname="DropDown Selection on LetCode Page" time="14.874">
    <error message="Cannot locate option with index: 5&#10;For documentation on this error, please visit: https://www.selenium.dev/documentation/webdriver/troubleshooting/errors#no-such-element-exception&#10;Build info: version: &apos;4.27.0&apos;, revision: &apos;d6e718d134&apos;&#10;System info: os.name: &apos;Windows 10&apos;, os.arch: &apos;amd64&apos;, os.version: &apos;10.0&apos;, java.version: &apos;21.0.6&apos;&#10;Driver info: driver.version: unknown" type="org.openqa.selenium.NoSuchElementException"><![CDATA[org.openqa.selenium.NoSuchElementException: 
Cannot locate option with index: 5
For documentation on this error, please visit: https://www.selenium.dev/documentation/webdriver/troubleshooting/errors#no-such-element-exception
Build info: version: '4.27.0', revision: 'd6e718d134'
System info: os.name: 'Windows 10', os.arch: 'amd64', os.version: '10.0', java.version: '21.0.6'
Driver info: driver.version: unknown
	at org.openqa.selenium.support.ui.Select.setSelectedByIndex(Select.java:407)
	at org.openqa.selenium.support.ui.Select.selectByIndex(Select.java:262)
	at PageObjectModule.DropDownTestPageObjectModule.I_Select_Programming_Language(DropDownTestPageObjectModule.java:29)
	at StepDefinition.DropDownTestStepDefinition.i_select_the_last_programming_language_from_the_drop_down(DropDownTestStepDefinition.java:32)
	at ✽.I Select  the Last Programming Language From the DropDown(file:///C:/Users/Stephen/eclipse-workspace/DropDownTest/src/test/java/features/DropDownTest.feature:11)
]]></error>
    <system-out><![CDATA[
Scenario: Select Options From Various DropDown                  # src/test/java/features/DropDownTest.feature:7
  Given Launch the Browser and Open the LetCode DropDown Page   # StepDefinition.DropDownTestStepDefinition.launch_the_browser_and_open_the_let_code_drop_down_page()
  When I Select Pine Apple From the Fruit DropDown              # StepDefinition.DropDownTestStepDefinition.i_select_pine_apple_from_the_fruit_drop_down()
  And I Select  the Last Programming Language From the DropDown # StepDefinition.DropDownTestStepDefinition.i_select_the_last_programming_language_from_the_drop_down()
      org.openqa.selenium.NoSuchElementException: Cannot locate option with index: 5
For documentation on this error, please visit: https://www.selenium.dev/documentation/webdriver/troubleshooting/errors#no-such-element-exception
Build info: version: '4.27.0', revision: 'd6e718d134'
System info: os.name: 'Windows 10', os.arch: 'amd64', os.version: '10.0', java.version: '21.0.6'
Driver info: driver.version: unknown
	at org.openqa.selenium.support.ui.Select.setSelectedByIndex(Select.java:407)
	at org.openqa.selenium.support.ui.Select.selectByIndex(Select.java:262)
	at PageObjectModule.DropDownTestPageObjectModule.I_Select_Programming_Language(DropDownTestPageObjectModule.java:29)
	at StepDefinition.DropDownTestStepDefinition.i_select_the_last_programming_language_from_the_drop_down(DropDownTestStepDefinition.java:32)
	at ✽.I Select  the Last Programming Language From the DropDown(file:///C:/Users/Stephen/eclipse-workspace/DropDownTest/src/test/java/features/DropDownTest.feature:11)

  Then I Close the Browser                                      # StepDefinition.DropDownTestStepDefinition.i_close_the_browser()
]]></system-out>
    <system-err><![CDATA[Apr 25, 2025 3:02:40 PM org.openqa.selenium.devtools.CdpVersionFinder findNearestMatch
WARNING: Unable to find an exact match for CDP version 135, returning the closest version; found: 131; Please update to a Selenium version that supports CDP version 135
]]></system-err>
  </testcase>
</testsuite>